c:\users\user\source\repos\osuparsesub\osuparsesub\debug\osuparsesub.pdb
c:\users\user\source\repos\osuparsesub\osuparsesub\debug\osuparsesub.idb
c:\users\user\source\repos\osuparsesub\osuparsesub\debug\main.obj
c:\users\user\source\repos\osuparsesub\osuparsesub\debug\osuparsesub.pch
c:\users\user\source\repos\osuparsesub\osuparsesub\debug\vc141.pdb
c:\users\user\source\repos\osuparsesub\osuparsesub\debug\vc141.idb
c:\users\user\source\repos\osuparsesub\osuparsesub\debug\pch.obj
c:\users\user\source\repos\osuparsesub\osuparsesub\debug\timingpoint.obj
c:\users\user\source\repos\osuparsesub\osuparsesub\debug\osumap.obj
c:\users\user\source\repos\osuparsesub\osuparsesub\debug\mapsettings.obj
c:\users\user\source\repos\osuparsesub\osuparsesub\debug\hitobject.obj
c:\users\user\source\repos\osuparsesub\debug\osuparsesub.lib
c:\users\user\source\repos\osualgorithms\debug\osuparsesub.exe
c:\users\user\source\repos\osualgorithms\debug\osuparsesub.ilk
c:\users\user\source\repos\osualgorithms\debug\osuparsesub.pdb
c:\users\user\source\repos\osualgorithms\debug\osuparsesub.lib
c:\users\user\source\repos\osualgorithms\debug\osuparsesub.exp
c:\users\user\source\repos\osuparsesub\osuparsesub\debug\osuparsesub.tlog\cl.command.1.tlog
c:\users\user\source\repos\osuparsesub\osuparsesub\debug\osuparsesub.tlog\cl.read.1.tlog
c:\users\user\source\repos\osuparsesub\osuparsesub\debug\osuparsesub.tlog\cl.write.1.tlog
c:\users\user\source\repos\osuparsesub\osuparsesub\debug\osuparsesub.tlog\lib-link.read.1.tlog
c:\users\user\source\repos\osuparsesub\osuparsesub\debug\osuparsesub.tlog\lib-link.write.1.tlog
c:\users\user\source\repos\osuparsesub\osuparsesub\debug\osuparsesub.tlog\lib.command.1.tlog
c:\users\user\source\repos\osuparsesub\osuparsesub\debug\osuparsesub.tlog\link.12128.delete.1.tlog
c:\users\user\source\repos\osuparsesub\osuparsesub\debug\osuparsesub.tlog\link.1380.delete.1.tlog
c:\users\user\source\repos\osuparsesub\osuparsesub\debug\osuparsesub.tlog\link.15436.delete.1.tlog
c:\users\user\source\repos\osuparsesub\osuparsesub\debug\osuparsesub.tlog\link.15504.delete.1.tlog
c:\users\user\source\repos\osuparsesub\osuparsesub\debug\osuparsesub.tlog\link.16048.delete.1.tlog
c:\users\user\source\repos\osuparsesub\osuparsesub\debug\osuparsesub.tlog\link.17264.delete.1.tlog
c:\users\user\source\repos\osuparsesub\osuparsesub\debug\osuparsesub.tlog\link.2880.delete.1.tlog
c:\users\user\source\repos\osuparsesub\osuparsesub\debug\osuparsesub.tlog\link.3604.delete.1.tlog
c:\users\user\source\repos\osuparsesub\osuparsesub\debug\osuparsesub.tlog\link.440.delete.1.tlog
c:\users\user\source\repos\osuparsesub\osuparsesub\debug\osuparsesub.tlog\link.4876.delete.1.tlog
c:\users\user\source\repos\osuparsesub\osuparsesub\debug\osuparsesub.tlog\link.6344.delete.1.tlog
c:\users\user\source\repos\osuparsesub\osuparsesub\debug\osuparsesub.tlog\link.8876.delete.1.tlog
c:\users\user\source\repos\osuparsesub\osuparsesub\debug\osuparsesub.tlog\link.9480.delete.1.tlog
c:\users\user\source\repos\osuparsesub\osuparsesub\debug\osuparsesub.tlog\link.9772.delete.1.tlog
c:\users\user\source\repos\osuparsesub\osuparsesub\debug\osuparsesub.tlog\link.command.1.tlog
c:\users\user\source\repos\osuparsesub\osuparsesub\debug\osuparsesub.tlog\link.delete.1.tlog
c:\users\user\source\repos\osuparsesub\osuparsesub\debug\osuparsesub.tlog\link.read.1.tlog
c:\users\user\source\repos\osuparsesub\osuparsesub\debug\osuparsesub.tlog\link.write.1.tlog
c:\users\user\source\repos\osuparsesub\osuparsesub\debug\osuparsesub.tlog\osuparsesub.write.1u.tlog
